<?xml version="1.0" encoding="UTF-8"?>
<testng-results ignored="0" total="0" passed="0" failed="0" skipped="0">
  <reporter-output>
  </reporter-output>
  <suite started-at="2022-12-02T14:20:23 IST" name="Gradle suite" finished-at="2022-12-02T14:20:23 IST" duration-ms="51">
    <groups>
    </groups>
    <test started-at="2022-12-02T14:20:23 IST" name="Gradle test" finished-at="2022-12-02T14:20:23 IST" duration-ms="51">
    </test> <!-- Gradle test -->
  </suite> <!-- Gradle suite -->
</testng-results>
